[2022-10-25 18:09:08] local.ERROR: Symfony\Component\Routing\Exception\RouteNotFoundException: Route [quotations-response-details] not defined. in C:\laragon\www\travel_pakistani_backoffice\vendor\laravel\framework\src\Illuminate\Routing\UrlGenerator.php:467
Stack trace:
#0 C:\laragon\www\travel_pakistani_backoffice\vendor\laravel\framework\src\Illuminate\Foundation\helpers.php(760): Illuminate\Routing\UrlGenerator->route('quotations-resp...', 20, true)
#1 C:\laragon\www\travel_pakistani_backoffice\storage\framework\views\990dbe8f3788aed333c90cbce280ec84b1a82591.php(2): route('quotations-resp...', 20)
#2 C:\laragon\www\travel_pakistani_backoffice\vendor\laravel\framework\src\Illuminate\Filesystem\Filesystem.php(109): require('C:\\laragon\\www\\...')
#3 C:\laragon\www\travel_pakistani_backoffice\vendor\laravel\framework\src\Illuminate\Filesystem\Filesystem.php(110): Illuminate\Filesystem\Filesystem::Illuminate\Filesystem\{closure}()
#4 C:\laragon\www\travel_pakistani_backoffice\vendor\laravel\framework\src\Illuminate\View\Engines\PhpEngine.php(58): Illuminate\Filesystem\Filesystem->getRequire('C:\\laragon\\www\\...', Array)
#5 C:\laragon\www\travel_pakistani_backoffice\vendor\laravel\framework\src\Illuminate\View\Engines\CompilerEngine.php(61): Illuminate\View\Engines\PhpEngine->evaluatePath('C:\\laragon\\www\\...', Array)
#6 C:\laragon\www\travel_pakistani_backoffice\vendor\laravel\framework\src\Illuminate\View\View.php(139): Illuminate\View\Engines\CompilerEngine->get('C:\\laragon\\www\\...', Array)
#7 C:\laragon\www\travel_pakistani_backoffice\vendor\laravel\framework\src\Illuminate\View\View.php(122): Illuminate\View\View->getContents()
#8 C:\laragon\www\travel_pakistani_backoffice\vendor\laravel\framework\src\Illuminate\View\View.php(91): Illuminate\View\View->renderContents()
#9 C:\laragon\www\travel_pakistani_backoffice\vendor\laravel\framework\src\Illuminate\View\View.php(436): Illuminate\View\View->render()
#10 C:\laragon\www\travel_pakistani_backoffice\vendor\yajra\laravel-datatables-oracle\src\Utilities\Helper.php(210): Illuminate\View\View->__toString()
#11 C:\laragon\www\travel_pakistani_backoffice\vendor\yajra\laravel-datatables-oracle\src\Utilities\Helper.php(193): Yajra\DataTables\Utilities\Helper::transformRow(Array)
#12 [internal function]: Yajra\DataTables\Utilities\Helper::Yajra\DataTables\Utilities\{closure}(Array)
#13 C:\laragon\www\travel_pakistani_backoffice\vendor\yajra\laravel-datatables-oracle\src\Utilities\Helper.php(192): array_map(Object(Closure), Array)
#14 C:\laragon\www\travel_pakistani_backoffice\vendor\yajra\laravel-datatables-oracle\src\DataTableAbstract.php(837): Yajra\DataTables\Utilities\Helper::transform(Array)
#15 C:\laragon\www\travel_pakistani_backoffice\vendor\yajra\laravel-datatables-oracle\src\CollectionDataTable.php(172): Yajra\DataTables\DataTableAbstract->transform(Object(Illuminate\Database\Eloquent\Collection), Array)
#16 C:\laragon\www\travel_pakistani_backoffice\app\Http\Controllers\Admin\QuotationController.php(3463): Yajra\DataTables\CollectionDataTable->make(true)
#17 C:\laragon\www\travel_pakistani_backoffice\vendor\laravel\framework\src\Illuminate\Routing\Controller.php(54): App\Http\Controllers\Admin\QuotationController->showResponses(Object(Illuminate\Http\Request))
#18 C:\laragon\www\travel_pakistani_backoffice\vendor\laravel\framework\src\Illuminate\Routing\ControllerDispatcher.php(45): Illuminate\Routing\Controller->callAction('showResponses', Array)
#19 C:\laragon\www\travel_pakistani_backoffice\vendor\laravel\framework\src\Illuminate\Routing\Route.php(261): Illuminate\Routing\ControllerDispatcher->dispatch(Object(Illuminate\Routing\Route), Object(App\Http\Controllers\Admin\QuotationController), 'showResponses')
#20 C:\laragon\www\travel_pakistani_backoffice\vendor\laravel\framework\src\Illuminate\Routing\Route.php(204): Illuminate\Routing\Route->runController()
#21 C:\laragon\www\travel_pakistani_backoffice\vendor\laravel\framework\src\Illuminate\Routing\Router.php(725): Illuminate\Routing\Route->run()
#22 C:\laragon\www\travel_pakistani_backoffice\vendor\laravel\framework\src\Illuminate\Pipeline\Pipeline.php(141): Illuminate\Routing\Router->Illuminate\Routing\{closure}(Object(Illuminate\Http\Request))
#23 C:\laragon\www\travel_pakistani_backoffice\vendor\laravel\framework\src\Illuminate\Routing\Middleware\SubstituteBindings.php(50): Illuminate\Pipeline\Pipeline->Illuminate\Pipeline\{closure}(Object(Illuminate\Http\Request))
#24 C:\laragon\www\travel_pakistani_backoffice\vendor\laravel\framework\src\Illuminate\Pipeline\Pipeline.php(180): Illuminate\Routing\Middleware\SubstituteBindings->handle(Object(Illuminate\Http\Request), Object(Closure))
#25 C:\laragon\www\travel_pakistani_backoffice\vendor\laravel\framework\src\Illuminate\Auth\Middleware\Authenticate.php(44): Illuminate\Pipeline\Pipeline->Illuminate\Pipeline\{closure}(Object(Illuminate\Http\Request))
#26 C:\laragon\www\travel_pakistani_backoffice\vendor\laravel\framework\src\Illuminate\Pipeline\Pipeline.php(180): Illuminate\Auth\Middleware\Authenticate->handle(Object(Illuminate\Http\Request), Object(Closure))
#27 C:\laragon\www\travel_pakistani_backoffice\vendor\laravel\framework\src\Illuminate\Foundation\Http\Middleware\VerifyCsrfToken.php(78): Illuminate\Pipeline\Pipeline->Illuminate\Pipeline\{closure}(Object(Illuminate\Http\Request))
#28 C:\laragon\www\travel_pakistani_backoffice\vendor\laravel\framework\src\Illuminate\Pipeline\Pipeline.php(180): Illuminate\Foundation\Http\Middleware\VerifyCsrfToken->handle(Object(Illuminate\Http\Request), Object(Closure))
#29 C:\laragon\www\travel_pakistani_backoffice\vendor\laravel\framework\src\Illuminate\View\Middleware\ShareErrorsFromSession.php(49): Illuminate\Pipeline\Pipeline->Illuminate\Pipeline\{closure}(Object(Illuminate\Http\Request))
#30 C:\laragon\www\travel_pakistani_backoffice\vendor\laravel\framework\src\Illuminate\Pipeline\Pipeline.php(180): Illuminate\View\Middleware\ShareErrorsFromSession->handle(Object(Illuminate\Http\Request), Object(Closure))
#31 C:\laragon\www\travel_pakistani_backoffice\vendor\laravel\framework\src\Illuminate\Session\Middleware\StartSession.php(121): Illuminate\Pipeline\Pipeline->Illuminate\Pipeline\{closure}(Object(Illuminate\Http\Request))
#32 C:\laragon\www\travel_pakistani_backoffice\vendor\laravel\framework\src\Illuminate\Session\Middleware\StartSession.php(64): Illuminate\Session\Middleware\StartSession->handleStatefulRequest(Object(Illuminate\Http\Request), Object(Illuminate\Session\Store), Object(Closure))
#33 C:\laragon\www\travel_pakistani_backoffice\vendor\laravel\framework\src\Illuminate\Pipeline\Pipeline.php(180): Illuminate\Session\Middleware\StartSession->handle(Object(Illuminate\Http\Request), Object(Closure))
#34 C:\laragon\www\travel_pakistani_backoffice\vendor\laravel\framework\src\Illuminate\Cookie\Middleware\AddQueuedCookiesToResponse.php(37): Illuminate\Pipeline\Pipeline->Illuminate\Pipeline\{closure}(Object(Illuminate\Http\Request))
#35 C:\laragon\www\travel_pakistani_backoffice\vendor\laravel\framework\src\Illuminate\Pipeline\Pipeline.php(180): Illuminate\Cookie\Middleware\AddQueuedCookiesToResponse->handle(Object(Illuminate\Http\Request), Object(Closure))
#36 C:\laragon\www\travel_pakistani_backoffice\vendor\laravel\framework\src\Illuminate\Cookie\Middleware\EncryptCookies.php(67): Illuminate\Pipeline\Pipeline->Illuminate\Pipeline\{closure}(Object(Illuminate\Http\Request))
#37 C:\laragon\www\travel_pakistani_backoffice\vendor\laravel\framework\src\Illuminate\Pipeline\Pipeline.php(180): Illuminate\Cookie\Middleware\EncryptCookies->handle(Object(Illuminate\Http\Request), Object(Closure))
#38 C:\laragon\www\travel_pakistani_backoffice\vendor\laravel\framework\src\Illuminate\Pipeline\Pipeline.php(116): Illuminate\Pipeline\Pipeline->Illuminate\Pipeline\{closure}(Object(Illuminate\Http\Request))
#39 C:\laragon\www\travel_pakistani_backoffice\vendor\laravel\framework\src\Illuminate\Routing\Router.php(726): Illuminate\Pipeline\Pipeline->then(Object(Closure))
#40 C:\laragon\www\travel_pakistani_backoffice\vendor\laravel\framework\src\Illuminate\Routing\Router.php(703): Illuminate\Routing\Router->runRouteWithinStack(Object(Illuminate\Routing\Route), Object(Illuminate\Http\Request))
#41 C:\laragon\www\travel_pakistani_backoffice\vendor\laravel\framework\src\Illuminate\Routing\Router.php(667): Illuminate\Routing\Router->runRoute(Object(Illuminate\Http\Request), Object(Illuminate\Routing\Route))
#42 C:\laragon\www\travel_pakistani_backoffice\vendor\laravel\framework\src\Illuminate\Routing\Router.php(656): Illuminate\Routing\Router->dispatchToRoute(Object(Illuminate\Http\Request))
#43 C:\laragon\www\travel_pakistani_backoffice\vendor\laravel\framework\src\Illuminate\Foundation\Http\Kernel.php(167): Illuminate\Routing\Router->dispatch(Object(Illuminate\Http\Request))
#44 C:\laragon\www\travel_pakistani_backoffice\vendor\laravel\framework\src\Illuminate\Pipeline\Pipeline.php(141): Illuminate\Foundation\Http\Kernel->Illuminate\Foundation\Http\{closure}(Object(Illuminate\Http\Request))
#45 C:\laragon\www\travel_pakistani_backoffice\vendor\laravel\framework\src\Illuminate\Foundation\Http\Middleware\TransformsRequest.php(21): Illuminate\Pipeline\Pipeline->Illuminate\Pipeline\{closure}(Object(Illuminate\Http\Request))
#46 C:\laragon\www\travel_pakistani_backoffice\vendor\laravel\framework\src\Illuminate\Foundation\Http\Middleware\ConvertEmptyStringsToNull.php(31): Illuminate\Foundation\Http\Middleware\TransformsRequest->handle(Object(Illuminate\Http\Request), Object(Closure))
#47 C:\laragon\www\travel_pakistani_backoffice\vendor\laravel\framework\src\Illuminate\Pipeline\Pipeline.php(180): Illuminate\Foundation\Http\Middleware\ConvertEmptyStringsToNull->handle(Object(Illuminate\Http\Request), Object(Closure))
#48 C:\laragon\www\travel_pakistani_backoffice\vendor\laravel\framework\src\Illuminate\Foundation\Http\Middleware\TransformsRequest.php(21): Illuminate\Pipeline\Pipeline->Illuminate\Pipeline\{closure}(Object(Illuminate\Http\Request))
#49 C:\laragon\www\travel_pakistani_backoffice\vendor\laravel\framework\src\Illuminate\Foundation\Http\Middleware\TrimStrings.php(40): Illuminate\Foundation\Http\Middleware\TransformsRequest->handle(Object(Illuminate\Http\Request), Object(Closure))
#50 C:\laragon\www\travel_pakistani_backoffice\vendor\laravel\framework\src\Illuminate\Pipeline\Pipeline.php(180): Illuminate\Foundation\Http\Middleware\TrimStrings->handle(Object(Illuminate\Http\Request), Object(Closure))
#51 C:\laragon\www\travel_pakistani_backoffice\vendor\laravel\framework\src\Illuminate\Foundation\Http\Middleware\ValidatePostSize.php(27): Illuminate\Pipeline\Pipeline->Illuminate\Pipeline\{closure}(Object(Illuminate\Http\Request))
#52 C:\laragon\www\travel_pakistani_backoffice\vendor\laravel\framework\src\Illuminate\Pipeline\Pipeline.php(180): Illuminate\Foundation\Http\Middleware\ValidatePostSize->handle(Object(Illuminate\Http\Request), Object(Closure))
#53 C:\laragon\www\travel_pakistani_backoffice\vendor\laravel\framework\src\Illuminate\Foundation\Http\Middleware\PreventRequestsDuringMaintenance.php(86): Illuminate\Pipeline\Pipeline->Illuminate\Pipeline\{closure}(Object(Illuminate\Http\Request))
#54 C:\laragon\www\travel_pakistani_backoffice\vendor\laravel\framework\src\Illuminate\Pipeline\Pipeline.php(180): Illuminate\Foundation\Http\Middleware\PreventRequestsDuringMaintenance->handle(Object(Illuminate\Http\Request), Object(Closure))
#55 C:\laragon\www\travel_pakistani_backoffice\vendor\laravel\framework\src\Illuminate\Http\Middleware\HandleCors.php(49): Illuminate\Pipeline\Pipeline->Illuminate\Pipeline\{closure}(Object(Illuminate\Http\Request))
#56 C:\laragon\www\travel_pakistani_backoffice\vendor\laravel\framework\src\Illuminate\Pipeline\Pipeline.php(180): Illuminate\Http\Middleware\HandleCors->handle(Object(Illuminate\Http\Request), Object(Closure))
#57 C:\laragon\www\travel_pakistani_backoffice\vendor\laravel\framework\src\Illuminate\Http\Middleware\TrustProxies.php(39): Illuminate\Pipeline\Pipeline->Illuminate\Pipeline\{closure}(Object(Illuminate\Http\Request))
#58 C:\laragon\www\travel_pakistani_backoffice\vendor\laravel\framework\src\Illuminate\Pipeline\Pipeline.php(180): Illuminate\Http\Middleware\TrustProxies->handle(Object(Illuminate\Http\Request), Object(Closure))
#59 C:\laragon\www\travel_pakistani_backoffice\vendor\laravel\framework\src\Illuminate\Pipeline\Pipeline.php(116): Illuminate\Pipeline\Pipeline->Illuminate\Pipeline\{closure}(Object(Illuminate\Http\Request))
#60 C:\laragon\www\travel_pakistani_backoffice\vendor\laravel\framework\src\Illuminate\Foundation\Http\Kernel.php(142): Illuminate\Pipeline\Pipeline->then(Object(Closure))
#61 C:\laragon\www\travel_pakistani_backoffice\vendor\laravel\framework\src\Illuminate\Foundation\Http\Kernel.php(111): Illuminate\Foundation\Http\Kernel->sendRequestThroughRouter(Object(Illuminate\Http\Request))
#62 C:\laragon\www\travel_pakistani_backoffice\public\index.php(52): Illuminate\Foundation\Http\Kernel->handle(Object(Illuminate\Http\Request))
#63 C:\laragon\www\travel_pakistani_backoffice\vendor\laravel\framework\src\Illuminate\Foundation\resources\server.php(16): require_once('C:\\laragon\\www\\...')
#64 {main}

Next Illuminate\View\ViewException: Route [quotations-response-details] not defined. (View: C:\laragon\www\travel_pakistani_backoffice\resources\views\quotations\response_actions.blade.php) in C:\laragon\www\travel_pakistani_backoffice\vendor\laravel\framework\src\Illuminate\Routing\UrlGenerator.php:467
Stack trace:
#0 C:\laragon\www\travel_pakistani_backoffice\vendor\laravel\framework\src\Illuminate\View\Engines\PhpEngine.php(60): Illuminate\View\Engines\CompilerEngine->handleViewException(Object(Symfony\Component\Routing\Exception\RouteNotFoundException), 1)
#1 C:\laragon\www\travel_pakistani_backoffice\vendor\laravel\framework\src\Illuminate\View\Engines\CompilerEngine.php(61): Illuminate\View\Engines\PhpEngine->evaluatePath('C:\\laragon\\www\\...', Array)
#2 C:\laragon\www\travel_pakistani_backoffice\vendor\laravel\framework\src\Illuminate\View\View.php(139): Illuminate\View\Engines\CompilerEngine->get('C:\\laragon\\www\\...', Array)
#3 C:\laragon\www\travel_pakistani_backoffice\vendor\laravel\framework\src\Illuminate\View\View.php(122): Illuminate\View\View->getContents()
#4 C:\laragon\www\travel_pakistani_backoffice\vendor\laravel\framework\src\Illuminate\View\View.php(91): Illuminate\View\View->renderContents()
#5 C:\laragon\www\travel_pakistani_backoffice\vendor\laravel\framework\src\Illuminate\View\View.php(436): Illuminate\View\View->render()
#6 C:\laragon\www\travel_pakistani_backoffice\vendor\yajra\laravel-datatables-oracle\src\Utilities\Helper.php(210): Illuminate\View\View->__toString()
#7 C:\laragon\www\travel_pakistani_backoffice\vendor\yajra\laravel-datatables-oracle\src\Utilities\Helper.php(193): Yajra\DataTables\Utilities\Helper::transformRow(Array)
#8 [internal function]: Yajra\DataTables\Utilities\Helper::Yajra\DataTables\Utilities\{closure}(Array)
#9 C:\laragon\www\travel_pakistani_backoffice\vendor\yajra\laravel-datatables-oracle\src\Utilities\Helper.php(192): array_map(Object(Closure), Array)
#10 C:\laragon\www\travel_pakistani_backoffice\vendor\yajra\laravel-datatables-oracle\src\DataTableAbstract.php(837): Yajra\DataTables\Utilities\Helper::transform(Array)
#11 C:\laragon\www\travel_pakistani_backoffice\vendor\yajra\laravel-datatables-oracle\src\CollectionDataTable.php(172): Yajra\DataTables\DataTableAbstract->transform(Object(Illuminate\Database\Eloquent\Collection), Array)
#12 C:\laragon\www\travel_pakistani_backoffice\app\Http\Controllers\Admin\QuotationController.php(3463): Yajra\DataTables\CollectionDataTable->make(true)
#13 C:\laragon\www\travel_pakistani_backoffice\vendor\laravel\framework\src\Illuminate\Routing\Controller.php(54): App\Http\Controllers\Admin\QuotationController->showResponses(Object(Illuminate\Http\Request))
#14 C:\laragon\www\travel_pakistani_backoffice\vendor\laravel\framework\src\Illuminate\Routing\ControllerDispatcher.php(45): Illuminate\Routing\Controller->callAction('showResponses', Array)
#15 C:\laragon\www\travel_pakistani_backoffice\vendor\laravel\framework\src\Illuminate\Routing\Route.php(261): Illuminate\Routing\ControllerDispatcher->dispatch(Object(Illuminate\Routing\Route), Object(App\Http\Controllers\Admin\QuotationController), 'showResponses')
#16 C:\laragon\www\travel_pakistani_backoffice\vendor\laravel\framework\src\Illuminate\Routing\Route.php(204): Illuminate\Routing\Route->runController()
#17 C:\laragon\www\travel_pakistani_backoffice\vendor\laravel\framework\src\Illuminate\Routing\Router.php(725): Illuminate\Routing\Route->run()
#18 C:\laragon\www\travel_pakistani_backoffice\vendor\laravel\framework\src\Illuminate\Pipeline\Pipeline.php(141): Illuminate\Routing\Router->Illuminate\Routing\{closure}(Object(Illuminate\Http\Request))
#19 C:\laragon\www\travel_pakistani_backoffice\vendor\laravel\framework\src\Illuminate\Routing\Middleware\SubstituteBindings.php(50): Illuminate\Pipeline\Pipeline->Illuminate\Pipeline\{closure}(Object(Illuminate\Http\Request))
#20 C:\laragon\www\travel_pakistani_backoffice\vendor\laravel\framework\src\Illuminate\Pipeline\Pipeline.php(180): Illuminate\Routing\Middleware\SubstituteBindings->handle(Object(Illuminate\Http\Request), Object(Closure))
#21 C:\laragon\www\travel_pakistani_backoffice\vendor\laravel\framework\src\Illuminate\Auth\Middleware\Authenticate.php(44): Illuminate\Pipeline\Pipeline->Illuminate\Pipeline\{closure}(Object(Illuminate\Http\Request))
#22 C:\laragon\www\travel_pakistani_backoffice\vendor\laravel\framework\src\Illuminate\Pipeline\Pipeline.php(180): Illuminate\Auth\Middleware\Authenticate->handle(Object(Illuminate\Http\Request), Object(Closure))
#23 C:\laragon\www\travel_pakistani_backoffice\vendor\laravel\framework\src\Illuminate\Foundation\Http\Middleware\VerifyCsrfToken.php(78): Illuminate\Pipeline\Pipeline->Illuminate\Pipeline\{closure}(Object(Illuminate\Http\Request))
#24 C:\laragon\www\travel_pakistani_backoffice\vendor\laravel\framework\src\Illuminate\Pipeline\Pipeline.php(180): Illuminate\Foundation\Http\Middleware\VerifyCsrfToken->handle(Object(Illuminate\Http\Request), Object(Closure))
#25 C:\laragon\www\travel_pakistani_backoffice\vendor\laravel\framework\src\Illuminate\View\Middleware\ShareErrorsFromSession.php(49): Illuminate\Pipeline\Pipeline->Illuminate\Pipeline\{closure}(Object(Illuminate\Http\Request))
#26 C:\laragon\www\travel_pakistani_backoffice\vendor\laravel\framework\src\Illuminate\Pipeline\Pipeline.php(180): Illuminate\View\Middleware\ShareErrorsFromSession->handle(Object(Illuminate\Http\Request), Object(Closure))
#27 C:\laragon\www\travel_pakistani_backoffice\vendor\laravel\framework\src\Illuminate\Session\Middleware\StartSession.php(121): Illuminate\Pipeline\Pipeline->Illuminate\Pipeline\{closure}(Object(Illuminate\Http\Request))
#28 C:\laragon\www\travel_pakistani_backoffice\vendor\laravel\framework\src\Illuminate\Session\Middleware\StartSession.php(64): Illuminate\Session\Middleware\StartSession->handleStatefulRequest(Object(Illuminate\Http\Request), Object(Illuminate\Session\Store), Object(Closure))
#29 C:\laragon\www\travel_pakistani_backoffice\vendor\laravel\framework\src\Illuminate\Pipeline\Pipeline.php(180): Illuminate\Session\Middleware\StartSession->handle(Object(Illuminate\Http\Request), Object(Closure))
#30 C:\laragon\www\travel_pakistani_backoffice\vendor\laravel\framework\src\Illuminate\Cookie\Middleware\AddQueuedCookiesToResponse.php(37): Illuminate\Pipeline\Pipeline->Illuminate\Pipeline\{closure}(Object(Illuminate\Http\Request))
#31 C:\laragon\www\travel_pakistani_backoffice\vendor\laravel\framework\src\Illuminate\Pipeline\Pipeline.php(180): Illuminate\Cookie\Middleware\AddQueuedCookiesToResponse->handle(Object(Illuminate\Http\Request), Object(Closure))
#32 C:\laragon\www\travel_pakistani_backoffice\vendor\laravel\framework\src\Illuminate\Cookie\Middleware\EncryptCookies.php(67): Illuminate\Pipeline\Pipeline->Illuminate\Pipeline\{closure}(Object(Illuminate\Http\Request))
#33 C:\laragon\www\travel_pakistani_backoffice\vendor\laravel\framework\src\Illuminate\Pipeline\Pipeline.php(180): Illuminate\Cookie\Middleware\EncryptCookies->handle(Object(Illuminate\Http\Request), Object(Closure))
#34 C:\laragon\www\travel_pakistani_backoffice\vendor\laravel\framework\src\Illuminate\Pipeline\Pipeline.php(116): Illuminate\Pipeline\Pipeline->Illuminate\Pipeline\{closure}(Object(Illuminate\Http\Request))
#35 C:\laragon\www\travel_pakistani_backoffice\vendor\laravel\framework\src\Illuminate\Routing\Router.php(726): Illuminate\Pipeline\Pipeline->then(Object(Closure))
#36 C:\laragon\www\travel_pakistani_backoffice\vendor\laravel\framework\src\Illuminate\Routing\Router.php(703): Illuminate\Routing\Router->runRouteWithinStack(Object(Illuminate\Routing\Route), Object(Illuminate\Http\Request))
#37 C:\laragon\www\travel_pakistani_backoffice\vendor\laravel\framework\src\Illuminate\Routing\Router.php(667): Illuminate\Routing\Router->runRoute(Object(Illuminate\Http\Request), Object(Illuminate\Routing\Route))
#38 C:\laragon\www\travel_pakistani_backoffice\vendor\laravel\framework\src\Illuminate\Routing\Router.php(656): Illuminate\Routing\Router->dispatchToRoute(Object(Illuminate\Http\Request))
#39 C:\laragon\www\travel_pakistani_backoffice\vendor\laravel\framework\src\Illuminate\Foundation\Http\Kernel.php(167): Illuminate\Routing\Router->dispatch(Object(Illuminate\Http\Request))
#40 C:\laragon\www\travel_pakistani_backoffice\vendor\laravel\framework\src\Illuminate\Pipeline\Pipeline.php(141): Illuminate\Foundation\Http\Kernel->Illuminate\Foundation\Http\{closure}(Object(Illuminate\Http\Request))
#41 C:\laragon\www\travel_pakistani_backoffice\vendor\laravel\framework\src\Illuminate\Foundation\Http\Middleware\TransformsRequest.php(21): Illuminate\Pipeline\Pipeline->Illuminate\Pipeline\{closure}(Object(Illuminate\Http\Request))
#42 C:\laragon\www\travel_pakistani_backoffice\vendor\laravel\framework\src\Illuminate\Foundation\Http\Middleware\ConvertEmptyStringsToNull.php(31): Illuminate\Foundation\Http\Middleware\TransformsRequest->handle(Object(Illuminate\Http\Request), Object(Closure))
#43 C:\laragon\www\travel_pakistani_backoffice\vendor\laravel\framework\src\Illuminate\Pipeline\Pipeline.php(180): Illuminate\Foundation\Http\Middleware\ConvertEmptyStringsToNull->handle(Object(Illuminate\Http\Request), Object(Closure))
#44 C:\laragon\www\travel_pakistani_backoffice\vendor\laravel\framework\src\Illuminate\Foundation\Http\Middleware\TransformsRequest.php(21): Illuminate\Pipeline\Pipeline->Illuminate\Pipeline\{closure}(Object(Illuminate\Http\Request))
#45 C:\laragon\www\travel_pakistani_backoffice\vendor\laravel\framework\src\Illuminate\Foundation\Http\Middleware\TrimStrings.php(40): Illuminate\Foundation\Http\Middleware\TransformsRequest->handle(Object(Illuminate\Http\Request), Object(Closure))
#46 C:\laragon\www\travel_pakistani_backoffice\vendor\laravel\framework\src\Illuminate\Pipeline\Pipeline.php(180): Illuminate\Foundation\Http\Middleware\TrimStrings->handle(Object(Illuminate\Http\Request), Object(Closure))
#47 C:\laragon\www\travel_pakistani_backoffice\vendor\laravel\framework\src\Illuminate\Foundation\Http\Middleware\ValidatePostSize.php(27): Illuminate\Pipeline\Pipeline->Illuminate\Pipeline\{closure}(Object(Illuminate\Http\Request))
#48 C:\laragon\www\travel_pakistani_backoffice\vendor\laravel\framework\src\Illuminate\Pipeline\Pipeline.php(180): Illuminate\Foundation\Http\Middleware\ValidatePostSize->handle(Object(Illuminate\Http\Request), Object(Closure))
#49 C:\laragon\www\travel_pakistani_backoffice\vendor\laravel\framework\src\Illuminate\Foundation\Http\Middleware\PreventRequestsDuringMaintenance.php(86): Illuminate\Pipeline\Pipeline->Illuminate\Pipeline\{closure}(Object(Illuminate\Http\Request))
#50 C:\laragon\www\travel_pakistani_backoffice\vendor\laravel\framework\src\Illuminate\Pipeline\Pipeline.php(180): Illuminate\Foundation\Http\Middleware\PreventRequestsDuringMaintenance->handle(Object(Illuminate\Http\Request), Object(Closure))
#51 C:\laragon\www\travel_pakistani_backoffice\vendor\laravel\framework\src\Illuminate\Http\Middleware\HandleCors.php(49): Illuminate\Pipeline\Pipeline->Illuminate\Pipeline\{closure}(Object(Illuminate\Http\Request))
#52 C:\laragon\www\travel_pakistani_backoffice\vendor\laravel\framework\src\Illuminate\Pipeline\Pipeline.php(180): Illuminate\Http\Middleware\HandleCors->handle(Object(Illuminate\Http\Request), Object(Closure))
#53 C:\laragon\www\travel_pakistani_backoffice\vendor\laravel\framework\src\Illuminate\Http\Middleware\TrustProxies.php(39): Illuminate\Pipeline\Pipeline->Illuminate\Pipeline\{closure}(Object(Illuminate\Http\Request))
#54 C:\laragon\www\travel_pakistani_backoffice\vendor\laravel\framework\src\Illuminate\Pipeline\Pipeline.php(180): Illuminate\Http\Middleware\TrustProxies->handle(Object(Illuminate\Http\Request), Object(Closure))
#55 C:\laragon\www\travel_pakistani_backoffice\vendor\laravel\framework\src\Illuminate\Pipeline\Pipeline.php(116): Illuminate\Pipeline\Pipeline->Illuminate\Pipeline\{closure}(Object(Illuminate\Http\Request))
#56 C:\laragon\www\travel_pakistani_backoffice\vendor\laravel\framework\src\Illuminate\Foundation\Http\Kernel.php(142): Illuminate\Pipeline\Pipeline->then(Object(Closure))
#57 C:\laragon\www\travel_pakistani_backoffice\vendor\laravel\framework\src\Illuminate\Foundation\Http\Kernel.php(111): Illuminate\Foundation\Http\Kernel->sendRequestThroughRouter(Object(Illuminate\Http\Request))
#58 C:\laragon\www\travel_pakistani_backoffice\public\index.php(52): Illuminate\Foundation\Http\Kernel->handle(Object(Illuminate\Http\Request))
#59 C:\laragon\www\travel_pakistani_backoffice\vendor\laravel\framework\src\Illuminate\Foundation\resources\server.php(16): require_once('C:\\laragon\\www\\...')
#60 {main}  
